[2025-05-30 15:47:01]	[info] incremental build: 87 source files changed
These source files will be recompiled
---
'd:\.Download\RMUC-2025-M56-Drone\RMUC-2025-M56-Drone\Core\Src\can.c': object (.o) file not exist
'd:\.Download\RMUC-2025-M56-Drone\RMUC-2025-M56-Drone\Core\Src\dma.c': object (.o) file not exist
'd:\.Download\RMUC-2025-M56-Drone\RMUC-2025-M56-Drone\Core\Src\gpio.c': object (.o) file not exist
'd:\.Download\RMUC-2025-M56-Drone\RMUC-2025-M56-Drone\Core\Src\i2c.c': object (.o) file not exist
'd:\.Download\RMUC-2025-M56-Drone\RMUC-2025-M56-Drone\Core\Src\main.c': object (.o) file not exist
'd:\.Download\RMUC-2025-M56-Drone\RMUC-2025-M56-Drone\Core\Src\spi.c': object (.o) file not exist
'd:\.Download\RMUC-2025-M56-Drone\RMUC-2025-M56-Drone\Core\Src\stm32f4xx_hal_msp.c': object (.o) file not exist
'd:\.Download\RMUC-2025-M56-Drone\RMUC-2025-M56-Drone\Core\Src\stm32f4xx_it.c': object (.o) file not exist
'd:\.Download\RMUC-2025-M56-Drone\RMUC-2025-M56-Drone\Core\Src\system_stm32f4xx.c': object (.o) file not exist
'd:\.Download\RMUC-2025-M56-Drone\RMUC-2025-M56-Drone\Core\Src\tim.c': object (.o) file not exist
'd:\.Download\RMUC-2025-M56-Drone\RMUC-2025-M56-Drone\Core\Src\usart.c': object (.o) file not exist
'd:\.Download\RMUC-2025-M56-Drone\RMUC-2025-M56-Drone\Drivers\STM32F4xx_HAL_Driver\Src\stm32f4xx_hal.c': object (.o) file not exist
'd:\.Download\RMUC-2025-M56-Drone\RMUC-2025-M56-Drone\Drivers\STM32F4xx_HAL_Driver\Src\stm32f4xx_hal_can.c': object (.o) file not exist
'd:\.Download\RMUC-2025-M56-Drone\RMUC-2025-M56-Drone\Drivers\STM32F4xx_HAL_Driver\Src\stm32f4xx_hal_cortex.c': object (.o) file not exist
'd:\.Download\RMUC-2025-M56-Drone\RMUC-2025-M56-Drone\Drivers\STM32F4xx_HAL_Driver\Src\stm32f4xx_hal_dma.c': object (.o) file not exist
'd:\.Download\RMUC-2025-M56-Drone\RMUC-2025-M56-Drone\Drivers\STM32F4xx_HAL_Driver\Src\stm32f4xx_hal_dma_ex.c': object (.o) file not exist
'd:\.Download\RMUC-2025-M56-Drone\RMUC-2025-M56-Drone\Drivers\STM32F4xx_HAL_Driver\Src\stm32f4xx_hal_exti.c': object (.o) file not exist
'd:\.Download\RMUC-2025-M56-Drone\RMUC-2025-M56-Drone\Drivers\STM32F4xx_HAL_Driver\Src\stm32f4xx_hal_flash.c': object (.o) file not exist
'd:\.Download\RMUC-2025-M56-Drone\RMUC-2025-M56-Drone\Drivers\STM32F4xx_HAL_Driver\Src\stm32f4xx_hal_flash_ex.c': object (.o) file not exist
'd:\.Download\RMUC-2025-M56-Drone\RMUC-2025-M56-Drone\Drivers\STM32F4xx_HAL_Driver\Src\stm32f4xx_hal_flash_ramfunc.c': object (.o) file not exist
'd:\.Download\RMUC-2025-M56-Drone\RMUC-2025-M56-Drone\Drivers\STM32F4xx_HAL_Driver\Src\stm32f4xx_hal_gpio.c': object (.o) file not exist
'd:\.Download\RMUC-2025-M56-Drone\RMUC-2025-M56-Drone\Drivers\STM32F4xx_HAL_Driver\Src\stm32f4xx_hal_i2c.c': object (.o) file not exist
'd:\.Download\RMUC-2025-M56-Drone\RMUC-2025-M56-Drone\Drivers\STM32F4xx_HAL_Driver\Src\stm32f4xx_hal_i2c_ex.c': object (.o) file not exist
'd:\.Download\RMUC-2025-M56-Drone\RMUC-2025-M56-Drone\Drivers\STM32F4xx_HAL_Driver\Src\stm32f4xx_hal_pcd.c': object (.o) file not exist
'd:\.Download\RMUC-2025-M56-Drone\RMUC-2025-M56-Drone\Drivers\STM32F4xx_HAL_Driver\Src\stm32f4xx_hal_pcd_ex.c': object (.o) file not exist
'd:\.Download\RMUC-2025-M56-Drone\RMUC-2025-M56-Drone\Drivers\STM32F4xx_HAL_Driver\Src\stm32f4xx_hal_pwr.c': object (.o) file not exist
'd:\.Download\RMUC-2025-M56-Drone\RMUC-2025-M56-Drone\Drivers\STM32F4xx_HAL_Driver\Src\stm32f4xx_hal_pwr_ex.c': object (.o) file not exist
'd:\.Download\RMUC-2025-M56-Drone\RMUC-2025-M56-Drone\Drivers\STM32F4xx_HAL_Driver\Src\stm32f4xx_hal_rcc.c': object (.o) file not exist
'd:\.Download\RMUC-2025-M56-Drone\RMUC-2025-M56-Drone\Drivers\STM32F4xx_HAL_Driver\Src\stm32f4xx_hal_rcc_ex.c': object (.o) file not exist
'd:\.Download\RMUC-2025-M56-Drone\RMUC-2025-M56-Drone\Drivers\STM32F4xx_HAL_Driver\Src\stm32f4xx_hal_spi.c': object (.o) file not exist
'd:\.Download\RMUC-2025-M56-Drone\RMUC-2025-M56-Drone\Drivers\STM32F4xx_HAL_Driver\Src\stm32f4xx_hal_tim.c': object (.o) file not exist
'd:\.Download\RMUC-2025-M56-Drone\RMUC-2025-M56-Drone\Drivers\STM32F4xx_HAL_Driver\Src\stm32f4xx_hal_tim_ex.c': object (.o) file not exist
'd:\.Download\RMUC-2025-M56-Drone\RMUC-2025-M56-Drone\Drivers\STM32F4xx_HAL_Driver\Src\stm32f4xx_hal_uart.c': object (.o) file not exist
'd:\.Download\RMUC-2025-M56-Drone\RMUC-2025-M56-Drone\Drivers\STM32F4xx_HAL_Driver\Src\stm32f4xx_ll_usb.c': object (.o) file not exist
'd:\.Download\RMUC-2025-M56-Drone\RMUC-2025-M56-Drone\Middlewares\ST\STM32_USB_Device_Library\Class\CDC\Src\usbd_cdc.c': object (.o) file not exist
'd:\.Download\RMUC-2025-M56-Drone\RMUC-2025-M56-Drone\Middlewares\ST\STM32_USB_Device_Library\Core\Src\usbd_core.c': object (.o) file not exist
'd:\.Download\RMUC-2025-M56-Drone\RMUC-2025-M56-Drone\Middlewares\ST\STM32_USB_Device_Library\Core\Src\usbd_ctlreq.c': object (.o) file not exist
'd:\.Download\RMUC-2025-M56-Drone\RMUC-2025-M56-Drone\Middlewares\ST\STM32_USB_Device_Library\Core\Src\usbd_ioreq.c': object (.o) file not exist
'd:\.Download\RMUC-2025-M56-Drone\RMUC-2025-M56-Drone\USB_DEVICE\App\usb_device.c': object (.o) file not exist
'd:\.Download\RMUC-2025-M56-Drone\RMUC-2025-M56-Drone\USB_DEVICE\App\usbd_cdc_if.c': object (.o) file not exist
'd:\.Download\RMUC-2025-M56-Drone\RMUC-2025-M56-Drone\USB_DEVICE\App\usbd_desc.c': object (.o) file not exist
'd:\.Download\RMUC-2025-M56-Drone\RMUC-2025-M56-Drone\USB_DEVICE\Target\usbd_conf.c': object (.o) file not exist
'd:\.Download\RMUC-2025-M56-Drone\RMUC-2025-M56-Drone\User\Chariot\crt_booster.cpp': object (.o) file not exist
'd:\.Download\RMUC-2025-M56-Drone\RMUC-2025-M56-Drone\User\Chariot\crt_chassis.cpp': object (.o) file not exist
'd:\.Download\RMUC-2025-M56-Drone\RMUC-2025-M56-Drone\User\Chariot\crt_gimbal.cpp': object (.o) file not exist
'd:\.Download\RMUC-2025-M56-Drone\RMUC-2025-M56-Drone\User\Device\dvc_VT13.cpp': object (.o) file not exist
'd:\.Download\RMUC-2025-M56-Drone\RMUC-2025-M56-Drone\User\Device\dvc_boardc_bmi088.cpp': object (.o) file not exist
'd:\.Download\RMUC-2025-M56-Drone\RMUC-2025-M56-Drone\User\Device\dvc_boardc_ist8310.cpp': object (.o) file not exist
'd:\.Download\RMUC-2025-M56-Drone\RMUC-2025-M56-Drone\User\Device\dvc_buzzer.cpp': object (.o) file not exist
'd:\.Download\RMUC-2025-M56-Drone\RMUC-2025-M56-Drone\User\Device\dvc_djimotor.cpp': object (.o) file not exist
'd:\.Download\RMUC-2025-M56-Drone\RMUC-2025-M56-Drone\User\Device\dvc_dmmotor.cpp': object (.o) file not exist
'd:\.Download\RMUC-2025-M56-Drone\RMUC-2025-M56-Drone\User\Device\dvc_dr16.cpp': object (.o) file not exist
'd:\.Download\RMUC-2025-M56-Drone\RMUC-2025-M56-Drone\User\Device\dvc_dwt.cpp': object (.o) file not exist
'd:\.Download\RMUC-2025-M56-Drone\RMUC-2025-M56-Drone\User\Device\dvc_imu.cpp': object (.o) file not exist
'd:\.Download\RMUC-2025-M56-Drone\RMUC-2025-M56-Drone\User\Device\dvc_lkmotor.cpp': object (.o) file not exist
'd:\.Download\RMUC-2025-M56-Drone\RMUC-2025-M56-Drone\User\Device\dvc_manifold.cpp': object (.o) file not exist
'd:\.Download\RMUC-2025-M56-Drone\RMUC-2025-M56-Drone\User\Device\dvc_minipc.cpp': object (.o) file not exist
'd:\.Download\RMUC-2025-M56-Drone\RMUC-2025-M56-Drone\User\Device\dvc_referee.cpp': object (.o) file not exist
'd:\.Download\RMUC-2025-M56-Drone\RMUC-2025-M56-Drone\User\Device\dvc_sampler.cpp': object (.o) file not exist
'd:\.Download\RMUC-2025-M56-Drone\RMUC-2025-M56-Drone\User\Device\dvc_serialplot.cpp': object (.o) file not exist
'd:\.Download\RMUC-2025-M56-Drone\RMUC-2025-M56-Drone\User\Device\dvc_servo.cpp': object (.o) file not exist
'd:\.Download\RMUC-2025-M56-Drone\RMUC-2025-M56-Drone\User\Device\dvc_supercap.cpp': object (.o) file not exist
'd:\.Download\RMUC-2025-M56-Drone\RMUC-2025-M56-Drone\User\Device\dvc_witahrs.cpp': object (.o) file not exist
'd:\.Download\RMUC-2025-M56-Drone\RMUC-2025-M56-Drone\User\Device\dvc_ws2812.cpp': object (.o) file not exist
'd:\.Download\RMUC-2025-M56-Drone\RMUC-2025-M56-Drone\User\Interaction\ita_chariot.cpp': object (.o) file not exist
'd:\.Download\RMUC-2025-M56-Drone\RMUC-2025-M56-Drone\User\Middleware\Algorithm\PID.cpp': object (.o) file not exist
'd:\.Download\RMUC-2025-M56-Drone\RMUC-2025-M56-Drone\User\Middleware\Algorithm\QuaternionEKF.cpp': object (.o) file not exist
'd:\.Download\RMUC-2025-M56-Drone\RMUC-2025-M56-Drone\User\Middleware\Algorithm\alg_MahonyAHRS.cpp': object (.o) file not exist
'd:\.Download\RMUC-2025-M56-Drone\RMUC-2025-M56-Drone\User\Middleware\Algorithm\alg_filter.cpp': object (.o) file not exist
'd:\.Download\RMUC-2025-M56-Drone\RMUC-2025-M56-Drone\User\Middleware\Algorithm\alg_fsm.cpp': object (.o) file not exist
'd:\.Download\RMUC-2025-M56-Drone\RMUC-2025-M56-Drone\User\Middleware\Algorithm\alg_pid.cpp': object (.o) file not exist
'd:\.Download\RMUC-2025-M56-Drone\RMUC-2025-M56-Drone\User\Middleware\Algorithm\alg_power_limit.cpp': object (.o) file not exist
'd:\.Download\RMUC-2025-M56-Drone\RMUC-2025-M56-Drone\User\Middleware\Algorithm\alg_slope.cpp': object (.o) file not exist
'd:\.Download\RMUC-2025-M56-Drone\RMUC-2025-M56-Drone\User\Middleware\Algorithm\kalman_filter.cpp': object (.o) file not exist
'd:\.Download\RMUC-2025-M56-Drone\RMUC-2025-M56-Drone\User\Middleware\Algorithm\user_lib.cpp': object (.o) file not exist
'd:\.Download\RMUC-2025-M56-Drone\RMUC-2025-M56-Drone\User\Middleware\Driver\drv_adc.cpp': object (.o) file not exist
'd:\.Download\RMUC-2025-M56-Drone\RMUC-2025-M56-Drone\User\Middleware\Driver\drv_bsp-boarda.cpp': object (.o) file not exist
'd:\.Download\RMUC-2025-M56-Drone\RMUC-2025-M56-Drone\User\Middleware\Driver\drv_can.cpp': object (.o) file not exist
'd:\.Download\RMUC-2025-M56-Drone\RMUC-2025-M56-Drone\User\Middleware\Driver\drv_dwt.cpp': object (.o) file not exist
'd:\.Download\RMUC-2025-M56-Drone\RMUC-2025-M56-Drone\User\Middleware\Driver\drv_i2c.cpp': object (.o) file not exist
'd:\.Download\RMUC-2025-M56-Drone\RMUC-2025-M56-Drone\User\Middleware\Driver\drv_math.cpp': object (.o) file not exist
'd:\.Download\RMUC-2025-M56-Drone\RMUC-2025-M56-Drone\User\Middleware\Driver\drv_spi.cpp': object (.o) file not exist
'd:\.Download\RMUC-2025-M56-Drone\RMUC-2025-M56-Drone\User\Middleware\Driver\drv_tim.cpp': object (.o) file not exist
'd:\.Download\RMUC-2025-M56-Drone\RMUC-2025-M56-Drone\User\Middleware\Driver\drv_uart.cpp': object (.o) file not exist
'd:\.Download\RMUC-2025-M56-Drone\RMUC-2025-M56-Drone\User\Middleware\Driver\drv_usb.cpp': object (.o) file not exist
'd:\.Download\RMUC-2025-M56-Drone\RMUC-2025-M56-Drone\User\Task\tsk_config_and_callback.cpp': object (.o) file not exist
'd:\.Download\RMUC-2025-M56-Drone\RMUC-2025-M56-Drone\MDK-ARM\startup_stm32f407xx.s': object (.o) file not exist

[2025-05-30 15:47:22]	[done]
	build successfully !

[2025-07-12 19:13:32]	[info] incremental build: 87 source files changed
These source files will be recompiled
---
'd:\.Download\RMUC-2025-M56-Drone\RMUC-2025-M56-Drone\Core\Src\can.c': compiler options has been changed.
'd:\.Download\RMUC-2025-M56-Drone\RMUC-2025-M56-Drone\Core\Src\dma.c': compiler options has been changed.
'd:\.Download\RMUC-2025-M56-Drone\RMUC-2025-M56-Drone\Core\Src\gpio.c': compiler options has been changed.
'd:\.Download\RMUC-2025-M56-Drone\RMUC-2025-M56-Drone\Core\Src\i2c.c': compiler options has been changed.
'd:\.Download\RMUC-2025-M56-Drone\RMUC-2025-M56-Drone\Core\Src\main.c': compiler options has been changed.
'd:\.Download\RMUC-2025-M56-Drone\RMUC-2025-M56-Drone\Core\Src\spi.c': compiler options has been changed.
'd:\.Download\RMUC-2025-M56-Drone\RMUC-2025-M56-Drone\Core\Src\stm32f4xx_hal_msp.c': compiler options has been changed.
'd:\.Download\RMUC-2025-M56-Drone\RMUC-2025-M56-Drone\Core\Src\stm32f4xx_it.c': compiler options has been changed.
'd:\.Download\RMUC-2025-M56-Drone\RMUC-2025-M56-Drone\Core\Src\system_stm32f4xx.c': compiler options has been changed.
'd:\.Download\RMUC-2025-M56-Drone\RMUC-2025-M56-Drone\Core\Src\tim.c': compiler options has been changed.
'd:\.Download\RMUC-2025-M56-Drone\RMUC-2025-M56-Drone\Core\Src\usart.c': compiler options has been changed.
'd:\.Download\RMUC-2025-M56-Drone\RMUC-2025-M56-Drone\Drivers\STM32F4xx_HAL_Driver\Src\stm32f4xx_hal.c': compiler options has been changed.
'd:\.Download\RMUC-2025-M56-Drone\RMUC-2025-M56-Drone\Drivers\STM32F4xx_HAL_Driver\Src\stm32f4xx_hal_can.c': compiler options has been changed.
'd:\.Download\RMUC-2025-M56-Drone\RMUC-2025-M56-Drone\Drivers\STM32F4xx_HAL_Driver\Src\stm32f4xx_hal_cortex.c': compiler options has been changed.
'd:\.Download\RMUC-2025-M56-Drone\RMUC-2025-M56-Drone\Drivers\STM32F4xx_HAL_Driver\Src\stm32f4xx_hal_dma.c': compiler options has been changed.
'd:\.Download\RMUC-2025-M56-Drone\RMUC-2025-M56-Drone\Drivers\STM32F4xx_HAL_Driver\Src\stm32f4xx_hal_dma_ex.c': compiler options has been changed.
'd:\.Download\RMUC-2025-M56-Drone\RMUC-2025-M56-Drone\Drivers\STM32F4xx_HAL_Driver\Src\stm32f4xx_hal_exti.c': compiler options has been changed.
'd:\.Download\RMUC-2025-M56-Drone\RMUC-2025-M56-Drone\Drivers\STM32F4xx_HAL_Driver\Src\stm32f4xx_hal_flash.c': compiler options has been changed.
'd:\.Download\RMUC-2025-M56-Drone\RMUC-2025-M56-Drone\Drivers\STM32F4xx_HAL_Driver\Src\stm32f4xx_hal_flash_ex.c': compiler options has been changed.
'd:\.Download\RMUC-2025-M56-Drone\RMUC-2025-M56-Drone\Drivers\STM32F4xx_HAL_Driver\Src\stm32f4xx_hal_flash_ramfunc.c': compiler options has been changed.
'd:\.Download\RMUC-2025-M56-Drone\RMUC-2025-M56-Drone\Drivers\STM32F4xx_HAL_Driver\Src\stm32f4xx_hal_gpio.c': compiler options has been changed.
'd:\.Download\RMUC-2025-M56-Drone\RMUC-2025-M56-Drone\Drivers\STM32F4xx_HAL_Driver\Src\stm32f4xx_hal_i2c.c': compiler options has been changed.
'd:\.Download\RMUC-2025-M56-Drone\RMUC-2025-M56-Drone\Drivers\STM32F4xx_HAL_Driver\Src\stm32f4xx_hal_i2c_ex.c': compiler options has been changed.
'd:\.Download\RMUC-2025-M56-Drone\RMUC-2025-M56-Drone\Drivers\STM32F4xx_HAL_Driver\Src\stm32f4xx_hal_pcd.c': compiler options has been changed.
'd:\.Download\RMUC-2025-M56-Drone\RMUC-2025-M56-Drone\Drivers\STM32F4xx_HAL_Driver\Src\stm32f4xx_hal_pcd_ex.c': compiler options has been changed.
'd:\.Download\RMUC-2025-M56-Drone\RMUC-2025-M56-Drone\Drivers\STM32F4xx_HAL_Driver\Src\stm32f4xx_hal_pwr.c': compiler options has been changed.
'd:\.Download\RMUC-2025-M56-Drone\RMUC-2025-M56-Drone\Drivers\STM32F4xx_HAL_Driver\Src\stm32f4xx_hal_pwr_ex.c': compiler options has been changed.
'd:\.Download\RMUC-2025-M56-Drone\RMUC-2025-M56-Drone\Drivers\STM32F4xx_HAL_Driver\Src\stm32f4xx_hal_rcc.c': compiler options has been changed.
'd:\.Download\RMUC-2025-M56-Drone\RMUC-2025-M56-Drone\Drivers\STM32F4xx_HAL_Driver\Src\stm32f4xx_hal_rcc_ex.c': compiler options has been changed.
'd:\.Download\RMUC-2025-M56-Drone\RMUC-2025-M56-Drone\Drivers\STM32F4xx_HAL_Driver\Src\stm32f4xx_hal_spi.c': compiler options has been changed.
'd:\.Download\RMUC-2025-M56-Drone\RMUC-2025-M56-Drone\Drivers\STM32F4xx_HAL_Driver\Src\stm32f4xx_hal_tim.c': compiler options has been changed.
'd:\.Download\RMUC-2025-M56-Drone\RMUC-2025-M56-Drone\Drivers\STM32F4xx_HAL_Driver\Src\stm32f4xx_hal_tim_ex.c': compiler options has been changed.
'd:\.Download\RMUC-2025-M56-Drone\RMUC-2025-M56-Drone\Drivers\STM32F4xx_HAL_Driver\Src\stm32f4xx_hal_uart.c': compiler options has been changed.
'd:\.Download\RMUC-2025-M56-Drone\RMUC-2025-M56-Drone\Drivers\STM32F4xx_HAL_Driver\Src\stm32f4xx_ll_usb.c': compiler options has been changed.
'd:\.Download\RMUC-2025-M56-Drone\RMUC-2025-M56-Drone\Middlewares\ST\STM32_USB_Device_Library\Class\CDC\Src\usbd_cdc.c': compiler options has been changed.
'd:\.Download\RMUC-2025-M56-Drone\RMUC-2025-M56-Drone\Middlewares\ST\STM32_USB_Device_Library\Core\Src\usbd_core.c': compiler options has been changed.
'd:\.Download\RMUC-2025-M56-Drone\RMUC-2025-M56-Drone\Middlewares\ST\STM32_USB_Device_Library\Core\Src\usbd_ctlreq.c': compiler options has been changed.
'd:\.Download\RMUC-2025-M56-Drone\RMUC-2025-M56-Drone\Middlewares\ST\STM32_USB_Device_Library\Core\Src\usbd_ioreq.c': compiler options has been changed.
'd:\.Download\RMUC-2025-M56-Drone\RMUC-2025-M56-Drone\USB_DEVICE\App\usb_device.c': compiler options has been changed.
'd:\.Download\RMUC-2025-M56-Drone\RMUC-2025-M56-Drone\USB_DEVICE\App\usbd_cdc_if.c': compiler options has been changed.
'd:\.Download\RMUC-2025-M56-Drone\RMUC-2025-M56-Drone\USB_DEVICE\App\usbd_desc.c': compiler options has been changed.
'd:\.Download\RMUC-2025-M56-Drone\RMUC-2025-M56-Drone\USB_DEVICE\Target\usbd_conf.c': compiler options has been changed.
'd:\.Download\RMUC-2025-M56-Drone\RMUC-2025-M56-Drone\User\Chariot\crt_booster.cpp': compiler options has been changed.
'd:\.Download\RMUC-2025-M56-Drone\RMUC-2025-M56-Drone\User\Chariot\crt_chassis.cpp': compiler options has been changed.
'd:\.Download\RMUC-2025-M56-Drone\RMUC-2025-M56-Drone\User\Chariot\crt_gimbal.cpp': compiler options has been changed.
'd:\.Download\RMUC-2025-M56-Drone\RMUC-2025-M56-Drone\User\Device\dvc_VT13.cpp': compiler options has been changed.
'd:\.Download\RMUC-2025-M56-Drone\RMUC-2025-M56-Drone\User\Device\dvc_boardc_bmi088.cpp': compiler options has been changed.
'd:\.Download\RMUC-2025-M56-Drone\RMUC-2025-M56-Drone\User\Device\dvc_boardc_ist8310.cpp': compiler options has been changed.
'd:\.Download\RMUC-2025-M56-Drone\RMUC-2025-M56-Drone\User\Device\dvc_buzzer.cpp': compiler options has been changed.
'd:\.Download\RMUC-2025-M56-Drone\RMUC-2025-M56-Drone\User\Device\dvc_djimotor.cpp': compiler options has been changed.
'd:\.Download\RMUC-2025-M56-Drone\RMUC-2025-M56-Drone\User\Device\dvc_dmmotor.cpp': compiler options has been changed.
'd:\.Download\RMUC-2025-M56-Drone\RMUC-2025-M56-Drone\User\Device\dvc_dr16.cpp': compiler options has been changed.
'd:\.Download\RMUC-2025-M56-Drone\RMUC-2025-M56-Drone\User\Device\dvc_dwt.cpp': compiler options has been changed.
'd:\.Download\RMUC-2025-M56-Drone\RMUC-2025-M56-Drone\User\Device\dvc_imu.cpp': compiler options has been changed.
'd:\.Download\RMUC-2025-M56-Drone\RMUC-2025-M56-Drone\User\Device\dvc_lkmotor.cpp': compiler options has been changed.
'd:\.Download\RMUC-2025-M56-Drone\RMUC-2025-M56-Drone\User\Device\dvc_manifold.cpp': compiler options has been changed.
'd:\.Download\RMUC-2025-M56-Drone\RMUC-2025-M56-Drone\User\Device\dvc_minipc.cpp': compiler options has been changed.
'd:\.Download\RMUC-2025-M56-Drone\RMUC-2025-M56-Drone\User\Device\dvc_referee.cpp': compiler options has been changed.
'd:\.Download\RMUC-2025-M56-Drone\RMUC-2025-M56-Drone\User\Device\dvc_sampler.cpp': compiler options has been changed.
'd:\.Download\RMUC-2025-M56-Drone\RMUC-2025-M56-Drone\User\Device\dvc_serialplot.cpp': compiler options has been changed.
'd:\.Download\RMUC-2025-M56-Drone\RMUC-2025-M56-Drone\User\Device\dvc_servo.cpp': compiler options has been changed.
'd:\.Download\RMUC-2025-M56-Drone\RMUC-2025-M56-Drone\User\Device\dvc_supercap.cpp': compiler options has been changed.
'd:\.Download\RMUC-2025-M56-Drone\RMUC-2025-M56-Drone\User\Device\dvc_witahrs.cpp': compiler options has been changed.
'd:\.Download\RMUC-2025-M56-Drone\RMUC-2025-M56-Drone\User\Device\dvc_ws2812.cpp': compiler options has been changed.
'd:\.Download\RMUC-2025-M56-Drone\RMUC-2025-M56-Drone\User\Interaction\ita_chariot.cpp': compiler options has been changed.
'd:\.Download\RMUC-2025-M56-Drone\RMUC-2025-M56-Drone\User\Middleware\Algorithm\PID.cpp': compiler options has been changed.
'd:\.Download\RMUC-2025-M56-Drone\RMUC-2025-M56-Drone\User\Middleware\Algorithm\QuaternionEKF.cpp': compiler options has been changed.
'd:\.Download\RMUC-2025-M56-Drone\RMUC-2025-M56-Drone\User\Middleware\Algorithm\alg_MahonyAHRS.cpp': compiler options has been changed.
'd:\.Download\RMUC-2025-M56-Drone\RMUC-2025-M56-Drone\User\Middleware\Algorithm\alg_filter.cpp': compiler options has been changed.
'd:\.Download\RMUC-2025-M56-Drone\RMUC-2025-M56-Drone\User\Middleware\Algorithm\alg_fsm.cpp': compiler options has been changed.
'd:\.Download\RMUC-2025-M56-Drone\RMUC-2025-M56-Drone\User\Middleware\Algorithm\alg_pid.cpp': compiler options has been changed.
'd:\.Download\RMUC-2025-M56-Drone\RMUC-2025-M56-Drone\User\Middleware\Algorithm\alg_power_limit.cpp': compiler options has been changed.
'd:\.Download\RMUC-2025-M56-Drone\RMUC-2025-M56-Drone\User\Middleware\Algorithm\alg_slope.cpp': compiler options has been changed.
'd:\.Download\RMUC-2025-M56-Drone\RMUC-2025-M56-Drone\User\Middleware\Algorithm\kalman_filter.cpp': compiler options has been changed.
'd:\.Download\RMUC-2025-M56-Drone\RMUC-2025-M56-Drone\User\Middleware\Algorithm\user_lib.cpp': compiler options has been changed.
'd:\.Download\RMUC-2025-M56-Drone\RMUC-2025-M56-Drone\User\Middleware\Driver\drv_adc.cpp': compiler options has been changed.
'd:\.Download\RMUC-2025-M56-Drone\RMUC-2025-M56-Drone\User\Middleware\Driver\drv_bsp-boarda.cpp': compiler options has been changed.
'd:\.Download\RMUC-2025-M56-Drone\RMUC-2025-M56-Drone\User\Middleware\Driver\drv_can.cpp': compiler options has been changed.
'd:\.Download\RMUC-2025-M56-Drone\RMUC-2025-M56-Drone\User\Middleware\Driver\drv_dwt.cpp': compiler options has been changed.
'd:\.Download\RMUC-2025-M56-Drone\RMUC-2025-M56-Drone\User\Middleware\Driver\drv_i2c.cpp': compiler options has been changed.
'd:\.Download\RMUC-2025-M56-Drone\RMUC-2025-M56-Drone\User\Middleware\Driver\drv_math.cpp': compiler options has been changed.
'd:\.Download\RMUC-2025-M56-Drone\RMUC-2025-M56-Drone\User\Middleware\Driver\drv_spi.cpp': compiler options has been changed.
'd:\.Download\RMUC-2025-M56-Drone\RMUC-2025-M56-Drone\User\Middleware\Driver\drv_tim.cpp': compiler options has been changed.
'd:\.Download\RMUC-2025-M56-Drone\RMUC-2025-M56-Drone\User\Middleware\Driver\drv_uart.cpp': compiler options has been changed.
'd:\.Download\RMUC-2025-M56-Drone\RMUC-2025-M56-Drone\User\Middleware\Driver\drv_usb.cpp': compiler options has been changed.
'd:\.Download\RMUC-2025-M56-Drone\RMUC-2025-M56-Drone\User\Task\tsk_config_and_callback.cpp': compiler options has been changed.
'd:\.Download\RMUC-2025-M56-Drone\RMUC-2025-M56-Drone\MDK-ARM\startup_stm32f407xx.s': compiler options has been changed.

[2025-07-12 19:13:56]	[done]
	build successfully !

[2025-07-22 15:37:53]	[info] incremental build: 87 source files changed
These source files will be recompiled
---
'd:\.Download\RMUC-2025-M56-Drone\RMUC-2025-M56-Drone\Core\Src\can.c': compiler options has been changed.
'd:\.Download\RMUC-2025-M56-Drone\RMUC-2025-M56-Drone\Core\Src\dma.c': compiler options has been changed.
'd:\.Download\RMUC-2025-M56-Drone\RMUC-2025-M56-Drone\Core\Src\gpio.c': compiler options has been changed.
'd:\.Download\RMUC-2025-M56-Drone\RMUC-2025-M56-Drone\Core\Src\i2c.c': compiler options has been changed.
'd:\.Download\RMUC-2025-M56-Drone\RMUC-2025-M56-Drone\Core\Src\main.c': compiler options has been changed.
'd:\.Download\RMUC-2025-M56-Drone\RMUC-2025-M56-Drone\Core\Src\spi.c': compiler options has been changed.
'd:\.Download\RMUC-2025-M56-Drone\RMUC-2025-M56-Drone\Core\Src\stm32f4xx_hal_msp.c': compiler options has been changed.
'd:\.Download\RMUC-2025-M56-Drone\RMUC-2025-M56-Drone\Core\Src\stm32f4xx_it.c': compiler options has been changed.
'd:\.Download\RMUC-2025-M56-Drone\RMUC-2025-M56-Drone\Core\Src\system_stm32f4xx.c': compiler options has been changed.
'd:\.Download\RMUC-2025-M56-Drone\RMUC-2025-M56-Drone\Core\Src\tim.c': compiler options has been changed.
'd:\.Download\RMUC-2025-M56-Drone\RMUC-2025-M56-Drone\Core\Src\usart.c': compiler options has been changed.
'd:\.Download\RMUC-2025-M56-Drone\RMUC-2025-M56-Drone\Drivers\STM32F4xx_HAL_Driver\Src\stm32f4xx_hal.c': compiler options has been changed.
'd:\.Download\RMUC-2025-M56-Drone\RMUC-2025-M56-Drone\Drivers\STM32F4xx_HAL_Driver\Src\stm32f4xx_hal_can.c': compiler options has been changed.
'd:\.Download\RMUC-2025-M56-Drone\RMUC-2025-M56-Drone\Drivers\STM32F4xx_HAL_Driver\Src\stm32f4xx_hal_cortex.c': compiler options has been changed.
'd:\.Download\RMUC-2025-M56-Drone\RMUC-2025-M56-Drone\Drivers\STM32F4xx_HAL_Driver\Src\stm32f4xx_hal_dma.c': compiler options has been changed.
'd:\.Download\RMUC-2025-M56-Drone\RMUC-2025-M56-Drone\Drivers\STM32F4xx_HAL_Driver\Src\stm32f4xx_hal_dma_ex.c': compiler options has been changed.
'd:\.Download\RMUC-2025-M56-Drone\RMUC-2025-M56-Drone\Drivers\STM32F4xx_HAL_Driver\Src\stm32f4xx_hal_exti.c': compiler options has been changed.
'd:\.Download\RMUC-2025-M56-Drone\RMUC-2025-M56-Drone\Drivers\STM32F4xx_HAL_Driver\Src\stm32f4xx_hal_flash.c': compiler options has been changed.
'd:\.Download\RMUC-2025-M56-Drone\RMUC-2025-M56-Drone\Drivers\STM32F4xx_HAL_Driver\Src\stm32f4xx_hal_flash_ex.c': compiler options has been changed.
'd:\.Download\RMUC-2025-M56-Drone\RMUC-2025-M56-Drone\Drivers\STM32F4xx_HAL_Driver\Src\stm32f4xx_hal_flash_ramfunc.c': compiler options has been changed.
'd:\.Download\RMUC-2025-M56-Drone\RMUC-2025-M56-Drone\Drivers\STM32F4xx_HAL_Driver\Src\stm32f4xx_hal_gpio.c': compiler options has been changed.
'd:\.Download\RMUC-2025-M56-Drone\RMUC-2025-M56-Drone\Drivers\STM32F4xx_HAL_Driver\Src\stm32f4xx_hal_i2c.c': compiler options has been changed.
'd:\.Download\RMUC-2025-M56-Drone\RMUC-2025-M56-Drone\Drivers\STM32F4xx_HAL_Driver\Src\stm32f4xx_hal_i2c_ex.c': compiler options has been changed.
'd:\.Download\RMUC-2025-M56-Drone\RMUC-2025-M56-Drone\Drivers\STM32F4xx_HAL_Driver\Src\stm32f4xx_hal_pcd.c': compiler options has been changed.
'd:\.Download\RMUC-2025-M56-Drone\RMUC-2025-M56-Drone\Drivers\STM32F4xx_HAL_Driver\Src\stm32f4xx_hal_pcd_ex.c': compiler options has been changed.
'd:\.Download\RMUC-2025-M56-Drone\RMUC-2025-M56-Drone\Drivers\STM32F4xx_HAL_Driver\Src\stm32f4xx_hal_pwr.c': compiler options has been changed.
'd:\.Download\RMUC-2025-M56-Drone\RMUC-2025-M56-Drone\Drivers\STM32F4xx_HAL_Driver\Src\stm32f4xx_hal_pwr_ex.c': compiler options has been changed.
'd:\.Download\RMUC-2025-M56-Drone\RMUC-2025-M56-Drone\Drivers\STM32F4xx_HAL_Driver\Src\stm32f4xx_hal_rcc.c': compiler options has been changed.
'd:\.Download\RMUC-2025-M56-Drone\RMUC-2025-M56-Drone\Drivers\STM32F4xx_HAL_Driver\Src\stm32f4xx_hal_rcc_ex.c': compiler options has been changed.
'd:\.Download\RMUC-2025-M56-Drone\RMUC-2025-M56-Drone\Drivers\STM32F4xx_HAL_Driver\Src\stm32f4xx_hal_spi.c': compiler options has been changed.
'd:\.Download\RMUC-2025-M56-Drone\RMUC-2025-M56-Drone\Drivers\STM32F4xx_HAL_Driver\Src\stm32f4xx_hal_tim.c': compiler options has been changed.
'd:\.Download\RMUC-2025-M56-Drone\RMUC-2025-M56-Drone\Drivers\STM32F4xx_HAL_Driver\Src\stm32f4xx_hal_tim_ex.c': compiler options has been changed.
'd:\.Download\RMUC-2025-M56-Drone\RMUC-2025-M56-Drone\Drivers\STM32F4xx_HAL_Driver\Src\stm32f4xx_hal_uart.c': compiler options has been changed.
'd:\.Download\RMUC-2025-M56-Drone\RMUC-2025-M56-Drone\Drivers\STM32F4xx_HAL_Driver\Src\stm32f4xx_ll_usb.c': compiler options has been changed.
'd:\.Download\RMUC-2025-M56-Drone\RMUC-2025-M56-Drone\Middlewares\ST\STM32_USB_Device_Library\Class\CDC\Src\usbd_cdc.c': compiler options has been changed.
'd:\.Download\RMUC-2025-M56-Drone\RMUC-2025-M56-Drone\Middlewares\ST\STM32_USB_Device_Library\Core\Src\usbd_core.c': compiler options has been changed.
'd:\.Download\RMUC-2025-M56-Drone\RMUC-2025-M56-Drone\Middlewares\ST\STM32_USB_Device_Library\Core\Src\usbd_ctlreq.c': compiler options has been changed.
'd:\.Download\RMUC-2025-M56-Drone\RMUC-2025-M56-Drone\Middlewares\ST\STM32_USB_Device_Library\Core\Src\usbd_ioreq.c': compiler options has been changed.
'd:\.Download\RMUC-2025-M56-Drone\RMUC-2025-M56-Drone\USB_DEVICE\App\usb_device.c': compiler options has been changed.
'd:\.Download\RMUC-2025-M56-Drone\RMUC-2025-M56-Drone\USB_DEVICE\App\usbd_cdc_if.c': compiler options has been changed.
'd:\.Download\RMUC-2025-M56-Drone\RMUC-2025-M56-Drone\USB_DEVICE\App\usbd_desc.c': compiler options has been changed.
'd:\.Download\RMUC-2025-M56-Drone\RMUC-2025-M56-Drone\USB_DEVICE\Target\usbd_conf.c': compiler options has been changed.
'd:\.Download\RMUC-2025-M56-Drone\RMUC-2025-M56-Drone\User\Chariot\crt_booster.cpp': source file has been changed.
'd:\.Download\RMUC-2025-M56-Drone\RMUC-2025-M56-Drone\User\Chariot\crt_chassis.cpp': compiler options has been changed.
'd:\.Download\RMUC-2025-M56-Drone\RMUC-2025-M56-Drone\User\Chariot\crt_gimbal.cpp': compiler options has been changed.
'd:\.Download\RMUC-2025-M56-Drone\RMUC-2025-M56-Drone\User\Device\dvc_VT13.cpp': compiler options has been changed.
'd:\.Download\RMUC-2025-M56-Drone\RMUC-2025-M56-Drone\User\Device\dvc_boardc_bmi088.cpp': compiler options has been changed.
'd:\.Download\RMUC-2025-M56-Drone\RMUC-2025-M56-Drone\User\Device\dvc_boardc_ist8310.cpp': compiler options has been changed.
'd:\.Download\RMUC-2025-M56-Drone\RMUC-2025-M56-Drone\User\Device\dvc_buzzer.cpp': compiler options has been changed.
'd:\.Download\RMUC-2025-M56-Drone\RMUC-2025-M56-Drone\User\Device\dvc_djimotor.cpp': compiler options has been changed.
'd:\.Download\RMUC-2025-M56-Drone\RMUC-2025-M56-Drone\User\Device\dvc_dmmotor.cpp': compiler options has been changed.
'd:\.Download\RMUC-2025-M56-Drone\RMUC-2025-M56-Drone\User\Device\dvc_dr16.cpp': compiler options has been changed.
'd:\.Download\RMUC-2025-M56-Drone\RMUC-2025-M56-Drone\User\Device\dvc_dwt.cpp': compiler options has been changed.
'd:\.Download\RMUC-2025-M56-Drone\RMUC-2025-M56-Drone\User\Device\dvc_imu.cpp': compiler options has been changed.
'd:\.Download\RMUC-2025-M56-Drone\RMUC-2025-M56-Drone\User\Device\dvc_lkmotor.cpp': compiler options has been changed.
'd:\.Download\RMUC-2025-M56-Drone\RMUC-2025-M56-Drone\User\Device\dvc_manifold.cpp': compiler options has been changed.
'd:\.Download\RMUC-2025-M56-Drone\RMUC-2025-M56-Drone\User\Device\dvc_minipc.cpp': compiler options has been changed.
'd:\.Download\RMUC-2025-M56-Drone\RMUC-2025-M56-Drone\User\Device\dvc_referee.cpp': compiler options has been changed.
'd:\.Download\RMUC-2025-M56-Drone\RMUC-2025-M56-Drone\User\Device\dvc_sampler.cpp': compiler options has been changed.
'd:\.Download\RMUC-2025-M56-Drone\RMUC-2025-M56-Drone\User\Device\dvc_serialplot.cpp': compiler options has been changed.
'd:\.Download\RMUC-2025-M56-Drone\RMUC-2025-M56-Drone\User\Device\dvc_servo.cpp': compiler options has been changed.
'd:\.Download\RMUC-2025-M56-Drone\RMUC-2025-M56-Drone\User\Device\dvc_supercap.cpp': compiler options has been changed.
'd:\.Download\RMUC-2025-M56-Drone\RMUC-2025-M56-Drone\User\Device\dvc_witahrs.cpp': compiler options has been changed.
'd:\.Download\RMUC-2025-M56-Drone\RMUC-2025-M56-Drone\User\Device\dvc_ws2812.cpp': compiler options has been changed.
'd:\.Download\RMUC-2025-M56-Drone\RMUC-2025-M56-Drone\User\Interaction\ita_chariot.cpp': compiler options has been changed.
'd:\.Download\RMUC-2025-M56-Drone\RMUC-2025-M56-Drone\User\Middleware\Algorithm\PID.cpp': compiler options has been changed.
'd:\.Download\RMUC-2025-M56-Drone\RMUC-2025-M56-Drone\User\Middleware\Algorithm\QuaternionEKF.cpp': compiler options has been changed.
'd:\.Download\RMUC-2025-M56-Drone\RMUC-2025-M56-Drone\User\Middleware\Algorithm\alg_MahonyAHRS.cpp': compiler options has been changed.
'd:\.Download\RMUC-2025-M56-Drone\RMUC-2025-M56-Drone\User\Middleware\Algorithm\alg_filter.cpp': compiler options has been changed.
'd:\.Download\RMUC-2025-M56-Drone\RMUC-2025-M56-Drone\User\Middleware\Algorithm\alg_fsm.cpp': compiler options has been changed.
'd:\.Download\RMUC-2025-M56-Drone\RMUC-2025-M56-Drone\User\Middleware\Algorithm\alg_pid.cpp': compiler options has been changed.
'd:\.Download\RMUC-2025-M56-Drone\RMUC-2025-M56-Drone\User\Middleware\Algorithm\alg_power_limit.cpp': compiler options has been changed.
'd:\.Download\RMUC-2025-M56-Drone\RMUC-2025-M56-Drone\User\Middleware\Algorithm\alg_slope.cpp': compiler options has been changed.
'd:\.Download\RMUC-2025-M56-Drone\RMUC-2025-M56-Drone\User\Middleware\Algorithm\kalman_filter.cpp': compiler options has been changed.
'd:\.Download\RMUC-2025-M56-Drone\RMUC-2025-M56-Drone\User\Middleware\Algorithm\user_lib.cpp': compiler options has been changed.
'd:\.Download\RMUC-2025-M56-Drone\RMUC-2025-M56-Drone\User\Middleware\Driver\drv_adc.cpp': compiler options has been changed.
'd:\.Download\RMUC-2025-M56-Drone\RMUC-2025-M56-Drone\User\Middleware\Driver\drv_bsp-boarda.cpp': compiler options has been changed.
'd:\.Download\RMUC-2025-M56-Drone\RMUC-2025-M56-Drone\User\Middleware\Driver\drv_can.cpp': source file has been changed.
'd:\.Download\RMUC-2025-M56-Drone\RMUC-2025-M56-Drone\User\Middleware\Driver\drv_dwt.cpp': compiler options has been changed.
'd:\.Download\RMUC-2025-M56-Drone\RMUC-2025-M56-Drone\User\Middleware\Driver\drv_i2c.cpp': compiler options has been changed.
'd:\.Download\RMUC-2025-M56-Drone\RMUC-2025-M56-Drone\User\Middleware\Driver\drv_math.cpp': compiler options has been changed.
'd:\.Download\RMUC-2025-M56-Drone\RMUC-2025-M56-Drone\User\Middleware\Driver\drv_spi.cpp': compiler options has been changed.
'd:\.Download\RMUC-2025-M56-Drone\RMUC-2025-M56-Drone\User\Middleware\Driver\drv_tim.cpp': compiler options has been changed.
'd:\.Download\RMUC-2025-M56-Drone\RMUC-2025-M56-Drone\User\Middleware\Driver\drv_uart.cpp': compiler options has been changed.
'd:\.Download\RMUC-2025-M56-Drone\RMUC-2025-M56-Drone\User\Middleware\Driver\drv_usb.cpp': compiler options has been changed.
'd:\.Download\RMUC-2025-M56-Drone\RMUC-2025-M56-Drone\User\Task\tsk_config_and_callback.cpp': source file has been changed.
'd:\.Download\RMUC-2025-M56-Drone\RMUC-2025-M56-Drone\MDK-ARM\startup_stm32f407xx.s': compiler options has been changed.

[2025-07-22 15:38:32]	[done]
	build successfully !

[2025-09-03 22:38:05]	[info] incremental build: 6 source files changed
These source files will be recompiled
---
'd:\.Download\RMUC-2025-M56-Drone\RMUC-2025-M56-Drone\User\Chariot\crt_booster.cpp': source file has been changed.
'd:\.Download\RMUC-2025-M56-Drone\RMUC-2025-M56-Drone\User\Chariot\crt_gimbal.cpp': source file has been changed.
'd:\.Download\RMUC-2025-M56-Drone\RMUC-2025-M56-Drone\User\Interaction\ita_chariot.cpp': source file has been changed.
'd:\.Download\RMUC-2025-M56-Drone\RMUC-2025-M56-Drone\User\Middleware\Driver\drv_can.cpp': source file has been changed.
'd:\.Download\RMUC-2025-M56-Drone\RMUC-2025-M56-Drone\User\Task\tsk_config_and_callback.cpp': source file has been changed.
'd:\.Download\RMUC-2025-M56-Drone\RMUC-2025-M56-Drone\MDK-ARM\startup_stm32f407xx.s': compiler options has been changed.

[2025-09-03 22:38:14]	compilation failed at : "d:\.Download\RMUC-2025-M56-Drone\RMUC-2025-M56-Drone\User\Task\tsk_config_and_callback.cpp", exit code: 1
command: 
  "D:\keil_v5\ARM\ARMCLANG\bin\armclang.exe" --target=arm-arm-none-eabi -c -xc++ -std=c++11 -I. -I../Core/Inc -I../Drivers/STM32F4xx_HAL_Driver/Inc -I../Drivers/STM32F4xx_HAL_Driver/Inc/Legacy -I../Drivers/CMSIS/Device/ST/STM32F4xx/Include -I../Drivers/CMSIS/Include -I../User/Chariot -I../User/Device -I../User/Interaction -I../User/Middleware/Algorithm -I../User/Middleware/Driver -I../User/Task -I../USB_DEVICE/App -I../USB_DEVICE/Target -I../Middlewares/ST/STM32_USB_Device_Library/Class/CDC/Inc -I../Middlewares/ST/STM32_USB_Device_Library/Class/CDC/Src -I../Middlewares/ST/STM32_USB_Device_Library/Core/Inc -I../Middlewares/ST/STM32_USB_Device_Library/Core/Src -I../Middlewares/ST/ARM/DSP/Inc -I../Drivers/CMSIS/DSP/Include -I../User/Congfig -I.cmsis/include -IRTE/_infantry -D"USE_HAL_DRIVER" -D"STM32F407xx" -D"__FPU_PRESENT=1" -D"__TARGET_FPU_VFP" -D"ARM_MATH_CM4" -D"__CLANG_ARM" -D"ARM_MATH" -D"ARM_MATH_MATRIX_CHECK" -D"ARM_MATH_ROUNDING" -mfloat-abi=hard -mfpu=fpv4-sp-d16 -mcpu=cortex-m4 -mlittle-endian -O0 -ffunction-sections -funsigned-char -fshort-enums -fshort-wchar -fno-rtti -w -g -o ./../MDK-ARM/infantry/.obj/__/User/Task/tsk_config_and_callback.o -MMD ./../User/Task/tsk_config_and_callback.cpp
   at unify_builder.Program.Main(String[] args_)
---
./../User/Task/tsk_config_and_callback.cpp:403:8: error: no matching function for call to 'HAL_CAN_GetTxMailboxesFreeLevel'
    if(HAL_CAN_GetTxMailboxesFreeLevel() != 0){
       ^~~~~~~~~~~~~~~~~~~~~~~~~~~~~~~
../Drivers/STM32F4xx_HAL_Driver/Inc\stm32f4xx_hal_can.h:691:10: note: candidate function not viable: requires single argument 'hcan', but no arguments were provided
uint32_t HAL_CAN_GetTxMailboxesFreeLevel(const CAN_HandleTypeDef *hcan);
         ^
1 error generated.

